{"level":"info","message":"Starting DevOps Tools API","timestamp":"2025-12-02T06:28:20-03:00"}
{"level":"info","message":"Server starting","port":"3003","timestamp":"2025-12-02T06:28:20-03:00","version":"2.0"}
{"level":"info","message":"Starting DevOps Tools API","timestamp":"2025-12-02T06:45:53-03:00"}
{"level":"info","message":"Server starting","port":"3003","timestamp":"2025-12-02T06:45:53-03:00","version":"2.0"}
{"level":"info","message":"Executing DNS lookup","target":"google.com","timestamp":"2025-12-02T20:39:31-03:00","type":"A"}
{"level":"info","message":"Executing nmap","target":"google.com","timestamp":"2025-12-02T20:40:38-03:00","type":"quick"}
{"level":"info","message":"Executing nmap","target":"google.com","timestamp":"2025-12-02T20:40:40-03:00","type":"quick"}
{"level":"info","message":"Executing nmap","target":"google.com","timestamp":"2025-12-02T20:40:41-03:00","type":"quick"}
{"level":"info","message":"Executing nmap","target":"google.com","timestamp":"2025-12-02T20:40:47-03:00","type":"quick"}
{"level":"info","message":"Executing nmap","target":"google.com","timestamp":"2025-12-02T20:40:48-03:00","type":"quick"}
{"level":"info","message":"Executing nmap","target":"google.com","timestamp":"2025-12-02T20:40:48-03:00","type":"quick"}
{"level":"info","message":"Executing nmap","target":"google.com","timestamp":"2025-12-02T20:40:48-03:00","type":"quick"}
{"level":"info","message":"Executing nmap","target":"google.com","timestamp":"2025-12-02T20:40:48-03:00","type":"quick"}
{"level":"info","message":"Executing nmap","target":"amigotech.com.br","timestamp":"2025-12-02T20:41:00-03:00","type":"quick"}
{"level":"info","message":"Executing nmap","target":"amigotech.com.br","timestamp":"2025-12-02T20:41:01-03:00","type":"quick"}
{"level":"info","message":"Executing nmap","target":"amigotech.com.br","timestamp":"2025-12-02T20:41:01-03:00","type":"quick"}
{"level":"info","message":"Starting DevOps Tools API","timestamp":"2025-12-02T21:10:02-03:00"}
{"level":"info","message":"Server starting","port":"3003","timestamp":"2025-12-02T21:10:02-03:00","version":"2.0"}
{"level":"info","message":"Starting DevOps Tools API","timestamp":"2025-12-02T21:56:08-03:00"}
{"level":"info","message":"Server starting","port":"3003","timestamp":"2025-12-02T21:56:08-03:00","version":"2.0"}
{"count":9,"level":"info","message":"Executing ping","target":"google.com","timestamp":"2025-12-02T21:57:55-03:00"}
{"count":10,"level":"info","message":"Executing ping","target":"amigotech.com.br","timestamp":"2025-12-02T21:58:49-03:00"}
{"count":3,"level":"info","message":"Executing ping","target":"amigotech.com.br","timestamp":"2025-12-02T21:59:11-03:00"}
{"host":"google.com","level":"info","message":"Checking TCP port","port":443,"timestamp":"2025-12-02T21:59:53-03:00"}
{"host":"google.com","level":"info","message":"Checking TCP port","port":5432,"timestamp":"2025-12-02T22:00:05-03:00"}
{"level":"info","message":"Executing DNS lookup","target":"google.com","timestamp":"2025-12-02T22:00:26-03:00","type":"A"}
{"domain":"google.com","level":"info","message":"Executing whois","timestamp":"2025-12-02T22:01:13-03:00"}
{"level":"info","max_hops":10,"message":"Executing traceroute","target":"google.com","timestamp":"2025-12-02T22:01:55-03:00"}
